Detecting compiler hash for triplet x64-windows...
Compiler found: C:/Program Files/Microsoft Visual Studio/2022/Community/VC/Tools/MSVC/14.38.33130/bin/Hostx64/x64/cl.exe
The following packages are already installed:
  * boost-algorithm:x64-windows@1.90.0#1
  * boost-align:x64-windows@1.90.0#1
  * boost-array:x64-windows@1.90.0#1
    boost-asio[core,deadline-timer,spawn]:x64-windows@1.90.0#1
  * boost-assert:x64-windows@1.90.0#1
  * boost-bind:x64-windows@1.90.0#1
  * boost-cmake:x64-windows@1.90.0#1
  * boost-concept-check:x64-windows@1.90.0#1
  * boost-config:x64-windows@1.90.0#1
  * boost-container:x64-windows@1.90.0#1
  * boost-container-hash:x64-windows@1.90.0#1
  * boost-context:x64-windows@1.90.0#1
  * boost-conversion:x64-windows@1.90.0#1
  * boost-core:x64-windows@1.90.0#1
  * boost-date-time:x64-windows@1.90.0#1
  * boost-describe:x64-windows@1.90.0#1
  * boost-detail:x64-windows@1.90.0#1
  * boost-exception:x64-windows@1.90.0#1
  * boost-function:x64-windows@1.90.0#1
  * boost-function-types:x64-windows@1.90.0#1
  * boost-functional:x64-windows@1.90.0#1
  * boost-fusion:x64-windows@1.90.0#1
  * boost-headers:x64-windows@1.90.0#1
  * boost-integer:x64-windows@1.90.0#1
  * boost-intrusive:x64-windows@1.90.0#1
  * boost-io:x64-windows@1.90.0#1
  * boost-iterator:x64-windows@1.90.0#1
  * boost-lexical-cast:x64-windows@1.90.0#1
  * boost-move:x64-windows@1.90.0#1
  * boost-mp11:x64-windows@1.90.0#1
  * boost-mpl:x64-windows@1.90.0#1
  * boost-numeric-conversion:x64-windows@1.90.0#1
  * boost-optional:x64-windows@1.90.0#1
  * boost-pool:x64-windows@1.90.0#1
  * boost-predef:x64-windows@1.90.0#1
  * boost-preprocessor:x64-windows@1.90.0#1
  * boost-range:x64-windows@1.90.0#1
  * boost-regex:x64-windows@1.90.0#1
  * boost-smart-ptr:x64-windows@1.90.0#1
  * boost-static-assert:x64-windows@1.90.0#1
  * boost-system:x64-windows@1.90.0#1
  * boost-throw-exception:x64-windows@1.90.0#1
  * boost-tokenizer:x64-windows@1.90.0#1
  * boost-tuple:x64-windows@1.90.0#1
  * boost-type-traits:x64-windows@1.90.0#1
  * boost-typeof:x64-windows@1.90.0#1
  * boost-uninstall:x64-windows@1.90.0#1
  * boost-unordered:x64-windows@1.90.0#1
  * boost-utility:x64-windows@1.90.0#1
    boost-uuid:x64-windows@1.90.0#1
  * boost-variant2:x64-windows@1.90.0#1
  * boost-winapi:x64-windows@1.90.0#1
    gtest:x64-windows@1.17.0#2
  * vcpkg-boost:x64-windows@2025-03-29
  * vcpkg-cmake:x64-windows@2024-04-23
  * vcpkg-cmake-config:x64-windows@2024-05-23
boost-asio provides CMake targets:

  # this is heuristically generated, and may not be correct
  find_package(boost_asio CONFIG REQUIRED)
  target_link_libraries(main PRIVATE Boost::asio)

  find_package(boost_asio_core CONFIG REQUIRED)
  target_link_libraries(main PRIVATE Boost::asio_core)

  find_package(boost_asio_deadline_timer CONFIG REQUIRED)
  target_link_libraries(main PRIVATE Boost::asio_deadline_timer)

  find_package(boost_asio_spawn CONFIG REQUIRED)
  target_link_libraries(main PRIVATE Boost::asio_spawn)

boost-uuid provides CMake targets:

  # this is heuristically generated, and may not be correct
  find_package(boost_uuid CONFIG REQUIRED)
  target_link_libraries(main PRIVATE Boost::uuid)

The package gtest is compatible with built-in CMake targets:

    enable_testing()
    
    find_package(GTest CONFIG REQUIRED)
    target_link_libraries(main PRIVATE GTest::gtest GTest::gtest_main GTest::gmock GTest::gmock_main)
    
    add_test(AllTestsInMain main)

All requested installations completed successfully in: 2.02 ms
